Using pre-set license
Built from '2022.3/staging' branch; Version is '2022.3.25f1 (530ae0ba3889) revision 5442272'; Using compiler version '192829333'; Build Type 'Release'
OS: 'Windows 11  (10.0.22631) 64bit Professional' Language: 'en' Physical Memory: 32396 MB
BatchMode: 1, IsHumanControllingUs: 0, StartBugReporterOnCrash: 0, Is64bit: 1, IsPro: 1

COMMAND LINE ARGUMENTS:
C:\Program Files\Unity\Hub\Editor\2022.3.25f1\Editor\Unity.exe
-adb2
-batchMode
-noUpm
-name
AssetImportWorker0
-projectPath
C:/Users/camer/OneDrive/Documents/GitHub/VRbois123/VRmaze
-logFile
Logs/AssetImportWorker0.log
-srvPort
51077
Successfully changed project path to: C:/Users/camer/OneDrive/Documents/GitHub/VRbois123/VRmaze
C:/Users/camer/OneDrive/Documents/GitHub/VRbois123/VRmaze
[UnityMemory] Configuration Parameters - Can be set up in boot.config
    "memorysetup-bucket-allocator-granularity=16"
    "memorysetup-bucket-allocator-bucket-count=8"
    "memorysetup-bucket-allocator-block-size=33554432"
    "memorysetup-bucket-allocator-block-count=8"
    "memorysetup-main-allocator-block-size=16777216"
    "memorysetup-thread-allocator-block-size=16777216"
    "memorysetup-gfx-main-allocator-block-size=16777216"
    "memorysetup-gfx-thread-allocator-block-size=16777216"
    "memorysetup-cache-allocator-block-size=4194304"
    "memorysetup-typetree-allocator-block-size=2097152"
    "memorysetup-profiler-bucket-allocator-granularity=16"
    "memorysetup-profiler-bucket-allocator-bucket-count=8"
    "memorysetup-profiler-bucket-allocator-block-size=33554432"
    "memorysetup-profiler-bucket-allocator-block-count=8"
    "memorysetup-profiler-allocator-block-size=16777216"
    "memorysetup-profiler-editor-allocator-block-size=1048576"
    "memorysetup-temp-allocator-size-main=16777216"
    "memorysetup-job-temp-allocator-block-size=2097152"
    "memorysetup-job-temp-allocator-block-size-background=1048576"
    "memorysetup-job-temp-allocator-reduction-small-platforms=262144"
    "memorysetup-allocator-temp-initial-block-size-main=262144"
    "memorysetup-allocator-temp-initial-block-size-worker=262144"
    "memorysetup-temp-allocator-size-background-worker=32768"
    "memorysetup-temp-allocator-size-job-worker=262144"
    "memorysetup-temp-allocator-size-preload-manager=33554432"
    "memorysetup-temp-allocator-size-nav-mesh-worker=65536"
    "memorysetup-temp-allocator-size-audio-worker=65536"
    "memorysetup-temp-allocator-size-cloud-worker=32768"
    "memorysetup-temp-allocator-size-gi-baking-worker=262144"
    "memorysetup-temp-allocator-size-gfx=262144"
Player connection [27456] Host "[IP] 10.228.89.166 [Port] 0 [Flags] 2 [Guid] 1798138290 [EditorId] 1798138290 [Version] 1048832 [Id] WindowsEditor(7,DESKTOP-MQOSPBT) [Debug] 1 [PackageName] WindowsEditor [ProjectName] Editor" joined multi-casting on [225.0.0.222:54997]...

Player connection [27456] Host "[IP] 10.228.89.166 [Port] 0 [Flags] 2 [Guid] 1798138290 [EditorId] 1798138290 [Version] 1048832 [Id] WindowsEditor(7,DESKTOP-MQOSPBT) [Debug] 1 [PackageName] WindowsEditor [ProjectName] Editor" joined alternative multi-casting on [225.0.0.222:34997]...

[Physics::Module] Initialized MultithreadedJobDispatcher with 15 workers.
Refreshing native plugins compatible for Editor in 8.46 ms, found 3 plugins.
Preloading 0 native plugins for Editor in 0.00 ms.
Initialize engine version: 2022.3.25f1 (530ae0ba3889)
[Subsystems] Discovering subsystems at path C:/Program Files/Unity/Hub/Editor/2022.3.25f1/Editor/Data/Resources/UnitySubsystems
[Subsystems] Discovering subsystems at path C:/Users/camer/OneDrive/Documents/GitHub/VRbois123/VRmaze/Assets
GfxDevice: creating device client; threaded=0; jobified=0
Direct3D:
    Version:  Direct3D 11.0 [level 11.1]
    Renderer: NVIDIA Quadro T2000 (ID=0x1fb8)
    Vendor:   NVIDIA
    VRAM:     3935 MB
    Driver:   31.0.15.5186
Initialize mono
Mono path[0] = 'C:/Program Files/Unity/Hub/Editor/2022.3.25f1/Editor/Data/Managed'
Mono path[1] = 'C:/Program Files/Unity/Hub/Editor/2022.3.25f1/Editor/Data/MonoBleedingEdge/lib/mono/unityjit-win32'
Mono config path = 'C:/Program Files/Unity/Hub/Editor/2022.3.25f1/Editor/Data/MonoBleedingEdge/etc'
Using monoOptions --debugger-agent=transport=dt_socket,embedding=1,server=y,suspend=n,address=127.0.0.1:56548
Begin MonoManager ReloadAssembly
Registering precompiled unity dll's ...
Register platform support module: C:/Program Files/Unity/Hub/Editor/2022.3.25f1/Editor/Data/PlaybackEngines/AndroidPlayer/UnityEditor.Android.Extensions.dll
Register platform support module: C:/Program Files/Unity/Hub/Editor/2022.3.25f1/Editor/Data/PlaybackEngines/WindowsStandaloneSupport/UnityEditor.WindowsStandalone.Extensions.dll
Registered in 0.008523 seconds.
- Loaded All Assemblies, in  0.437 seconds
Native extension for WindowsStandalone target not found
Native extension for Android target not found
Android Extension - Scanning For ADB Devices 254 ms
Mono: successfully reloaded assembly
- Finished resetting the current domain, in  0.611 seconds
Domain Reload Profiling: 1044ms
	BeginReloadAssembly (113ms)
		ExecutionOrderSort (0ms)
		DisableScriptedObjects (0ms)
		BackupInstance (0ms)
		ReleaseScriptingObjects (0ms)
		CreateAndSetChildDomain (1ms)
	RebuildCommonClasses (44ms)
	RebuildNativeTypeToScriptingClass (12ms)
	initialDomainReloadingComplete (74ms)
	LoadAllAssembliesAndSetupDomain (191ms)
		LoadAssemblies (110ms)
		RebuildTransferFunctionScriptingTraits (0ms)
		AnalyzeDomain (188ms)
			TypeCache.Refresh (187ms)
				TypeCache.ScanAssembly (174ms)
			ScanForSourceGeneratedMonoScriptInfo (0ms)
			ResolveRequiredComponents (0ms)
	FinalizeReload (611ms)
		ReleaseScriptCaches (0ms)
		RebuildScriptCaches (0ms)
		SetupLoadedEditorAssemblies (553ms)
			LogAssemblyErrors (0ms)
			InitializePlatformSupportModulesInManaged (373ms)
			SetLoadedEditorAssemblies (4ms)
			RefreshPlugins (0ms)
			BeforeProcessingInitializeOnLoad (2ms)
			ProcessInitializeOnLoadAttributes (127ms)
			ProcessInitializeOnLoadMethodAttributes (46ms)
			AfterProcessingInitializeOnLoad (0ms)
			EditorAssembliesLoaded (0ms)
		ExecutionOrderSort2 (0ms)
		AwakeInstancesAfterBackupRestoration (0ms)
========================================================================
Worker process is ready to serve import requests
Begin MonoManager ReloadAssembly
- Loaded All Assemblies, in  0.626 seconds
Refreshing native plugins compatible for Editor in 3.48 ms, found 3 plugins.
Native extension for WindowsStandalone target not found
Native extension for Android target not found
Package Manager log level set to [2]
[Package Manager] Server::EnsureServerProcessIsRunning -- launch failed, reason: Unity was launched with the -noUpm command-line argument
[Package Manager] UpmClient::Send -- Unable to send message (not connected to UPM process).
[Package Manager] Cannot connect to Unity Package Manager local server
Mono: successfully reloaded assembly
- Finished resetting the current domain, in  0.789 seconds
Domain Reload Profiling: 1412ms
	BeginReloadAssembly (146ms)
		ExecutionOrderSort (0ms)
		DisableScriptedObjects (6ms)
		BackupInstance (0ms)
		ReleaseScriptingObjects (0ms)
		CreateAndSetChildDomain (21ms)
	RebuildCommonClasses (34ms)
	RebuildNativeTypeToScriptingClass (12ms)
	initialDomainReloadingComplete (43ms)
	LoadAllAssembliesAndSetupDomain (388ms)
		LoadAssemblies (278ms)
		RebuildTransferFunctionScriptingTraits (0ms)
		AnalyzeDomain (196ms)
			TypeCache.Refresh (173ms)
				TypeCache.ScanAssembly (152ms)
			ScanForSourceGeneratedMonoScriptInfo (14ms)
			ResolveRequiredComponents (7ms)
	FinalizeReload (790ms)
		ReleaseScriptCaches (0ms)
		RebuildScriptCaches (0ms)
		SetupLoadedEditorAssemblies (606ms)
			LogAssemblyErrors (0ms)
			InitializePlatformSupportModulesInManaged (26ms)
			SetLoadedEditorAssemblies (5ms)
			RefreshPlugins (0ms)
			BeforeProcessingInitializeOnLoad (69ms)
			ProcessInitializeOnLoadAttributes (474ms)
			ProcessInitializeOnLoadMethodAttributes (24ms)
			AfterProcessingInitializeOnLoad (8ms)
			EditorAssembliesLoaded (0ms)
		ExecutionOrderSort2 (0ms)
		AwakeInstancesAfterBackupRestoration (6ms)
Launched and connected shader compiler UnityShaderCompiler.exe after 0.04 seconds
Refreshing native plugins compatible for Editor in 5.68 ms, found 3 plugins.
Preloading 0 native plugins for Editor in 0.00 ms.
Unloading 3094 Unused Serialized files (Serialized files now loaded: 0)
Unloading 32 unused Assets / (57.1 KB). Loaded Objects now: 3558.
Memory consumption went from 126.6 MB to 126.6 MB.
Total: 4.827700 ms (FindLiveObjects: 0.265400 ms CreateObjectMapping: 0.233000 ms MarkObjects: 4.229800 ms  DeleteObjects: 0.098500 ms)

AssetImportParameters requested are different than current active one (requested -> active):
  custom:container-demuxer-ogg: 62fdf1f143b41e24485cea50d1cbac27 -> 
  custom:video-codec-MediaFoundation-h265: 746d11721c4dcdbdad8f713fa42b33f4 -> 
  custom:video-decoder-ogg-theora: a1e56fd34408186e4bbccfd4996cb3dc -> 
  custom:framework-win-MediaFoundation: 216162199b28c13a410421893ffa2e32 -> 
  custom:CustomObjectIndexerAttribute: 9a22284fe3817be447336de3de66b15e -> 
  custom:container-demuxer-webm: 4f35f7cbe854078d1ac9338744f61a02 -> 
  custom:container-muxer-webm: aa71ff27fc2769a1b78a27578f13a17b -> 
  custom:video-decoder-webm-vp8: 9c59270c3fd7afecdb556c50c9e8de78 -> 
  custom:SearchIndexIgnoredProperties: e643bd26f0fe6173181afceb89e7c659 -> 
  custom:AudioImporter_EditorPlatform: d09bf68614088b80899f8185d706f6e7 -> 
  custom:video-encoder-webm-vp8: eb34c28f22e8b96e1ab97ce403110664 -> 
  custom:audio-decoder-ogg-vorbis: bf7c407c2cedff20999df2af8eb42d56 -> 
  custom:audio-encoder-webm-vorbis: bf7c407c2cedff20999df2af8eb42d56 -> 
========================================================================
Received Import Request.
  Time since last request: 1847.267982 seconds.
  path: Assets/Materials
  artifactKey: Guid(305817596e7ec4b40ac6b65e7a8ebbd1) Importer(815301076,1909f56bfc062723c751e8b465ee728b)
Start importing Assets/Materials using Guid(305817596e7ec4b40ac6b65e7a8ebbd1) Importer(815301076,1909f56bfc062723c751e8b465ee728b)  -> (artifact id: '268cc3004899e1a0a3ea42e0fd28882d') in 0.002483 seconds
Number of updated asset objects reloaded before import = 0
Number of asset objects unloaded after import = 0
========================================================================
Received Import Request.
  Time since last request: 5.340933 seconds.
  path: Assets/Models
  artifactKey: Guid(1267812a5eda6a744a6b4b95c1ac6fe1) Importer(815301076,1909f56bfc062723c751e8b465ee728b)
Start importing Assets/Models using Guid(1267812a5eda6a744a6b4b95c1ac6fe1) Importer(815301076,1909f56bfc062723c751e8b465ee728b)  -> (artifact id: 'bc80fd78c6a0da7fc82a0fe878728152') in 0.004626 seconds
Number of updated asset objects reloaded before import = 0
Number of asset objects unloaded after import = 0
========================================================================
Received Import Request.
  Time since last request: 11.165231 seconds.
  path: Assets/Materials/New Material.mat
  artifactKey: Guid(2ebc02efe746f5845b56ad8f0f79dcca) Importer(815301076,1909f56bfc062723c751e8b465ee728b)
Start importing Assets/Materials/New Material.mat using Guid(2ebc02efe746f5845b56ad8f0f79dcca) Importer(815301076,1909f56bfc062723c751e8b465ee728b)  -> (artifact id: '32de0477cdafd2d48eef64e411309c0e') in 0.171422 seconds
Number of updated asset objects reloaded before import = 0
Number of asset objects unloaded after import = 1
========================================================================
Received Import Request.
  Time since last request: 59.194335 seconds.
  path: Assets/Materials/Sisyphus-e1557869810488.png
  artifactKey: Guid(061983773cdd8ac4dabfd8d6013930c3) Importer(815301076,1909f56bfc062723c751e8b465ee728b)
Start importing Assets/Materials/Sisyphus-e1557869810488.png using Guid(061983773cdd8ac4dabfd8d6013930c3) Importer(815301076,1909f56bfc062723c751e8b465ee728b)  -> (artifact id: '073159a94667495ab3dc33ae9eea4d7e') in 0.018831 seconds
Number of updated asset objects reloaded before import = 0
Number of asset objects unloaded after import = 2
========================================================================
Received Import Request.
  Time since last request: 38.265464 seconds.
  path: Assets/Materials/New Material.mat
  artifactKey: Guid(2ebc02efe746f5845b56ad8f0f79dcca) Importer(815301076,1909f56bfc062723c751e8b465ee728b)
Start importing Assets/Materials/New Material.mat using Guid(2ebc02efe746f5845b56ad8f0f79dcca) Importer(815301076,1909f56bfc062723c751e8b465ee728b)  -> (artifact id: '93121e83b4a0df120456e21ee3788722') in 0.012721 seconds
Number of updated asset objects reloaded before import = 0
Number of asset objects unloaded after import = 2
========================================================================
Received Import Request.
  Time since last request: 106.828193 seconds.
  path: Assets/Models/Capsule.prefab
  artifactKey: Guid(a1067d3a01a151842ba429c83e4af763) Importer(815301076,1909f56bfc062723c751e8b465ee728b)
Start importing Assets/Models/Capsule.prefab using Guid(a1067d3a01a151842ba429c83e4af763) Importer(815301076,1909f56bfc062723c751e8b465ee728b)  -> (artifact id: '801cf0b4d8db4e46e31267334ff40947') in 0.029780 seconds
Number of updated asset objects reloaded before import = 0
Number of asset objects unloaded after import = 9
========================================================================
Received Import Request.
  Time since last request: 85.835505 seconds.
  path: Assets/Materials/You_like_Huey_Lewis_and_the_News_dont_you2.gif
  artifactKey: Guid(6c89b59df0a932144b053156bb9401bd) Importer(815301076,1909f56bfc062723c751e8b465ee728b)
Start importing Assets/Materials/You_like_Huey_Lewis_and_the_News_dont_you2.gif using Guid(6c89b59df0a932144b053156bb9401bd) Importer(815301076,1909f56bfc062723c751e8b465ee728b)  -> (artifact id: '5d574e8b813e8b179aad750cec0a0f87') in 0.007817 seconds
Number of updated asset objects reloaded before import = 0
Number of asset objects unloaded after import = 2
========================================================================
Received Import Request.
  Time since last request: 67.356226 seconds.
  path: Assets/Scenes/Main Level.unity
  artifactKey: Guid(528ab4362c792a042988059ce864d3b1) Importer(815301076,1909f56bfc062723c751e8b465ee728b)
Start importing Assets/Scenes/Main Level.unity using Guid(528ab4362c792a042988059ce864d3b1) Importer(815301076,1909f56bfc062723c751e8b465ee728b)  -> (artifact id: 'a9f5f805cab12339087e71857876a612') in 0.000489 seconds
Number of updated asset objects reloaded before import = 0
Number of asset objects unloaded after import = 0
========================================================================
Received Import Request.
  Time since last request: 6.225328 seconds.
  path: Assets/Scenes/SampleScene.unity
  artifactKey: Guid(9fc0d4010bbf28b4594072e72b8655ab) Importer(815301076,1909f56bfc062723c751e8b465ee728b)
Start importing Assets/Scenes/SampleScene.unity using Guid(9fc0d4010bbf28b4594072e72b8655ab) Importer(815301076,1909f56bfc062723c751e8b465ee728b)  -> (artifact id: '58c8c69b0fee46f1f40238e94fea5e89') in 0.000415 seconds
Number of updated asset objects reloaded before import = 0
Number of asset objects unloaded after import = 0
========================================================================
Received Import Request.
  Time since last request: 355.725087 seconds.
  path: Assets/Models/Capsule.prefab
  artifactKey: Guid(a1067d3a01a151842ba429c83e4af763) Importer(815301076,1909f56bfc062723c751e8b465ee728b)
Start importing Assets/Models/Capsule.prefab using Guid(a1067d3a01a151842ba429c83e4af763) Importer(815301076,1909f56bfc062723c751e8b465ee728b)  -> (artifact id: '66ad696bd8a273e491df6ece0c730f7f') in 0.012626 seconds
Number of updated asset objects reloaded before import = 0
Number of asset objects unloaded after import = 9
========================================================================
Received Import Request.
  Time since last request: 777.397900 seconds.
  path: Assets/Models/Sisyphus_Pill.prefab
  artifactKey: Guid(a1067d3a01a151842ba429c83e4af763) Importer(815301076,1909f56bfc062723c751e8b465ee728b)
Start importing Assets/Models/Sisyphus_Pill.prefab using Guid(a1067d3a01a151842ba429c83e4af763) Importer(815301076,1909f56bfc062723c751e8b465ee728b)  -> (artifact id: 'f7fc702731ab0e1a790551e0ba2407f6') in 0.014411 seconds
Number of updated asset objects reloaded before import = 0
Number of asset objects unloaded after import = 9
========================================================================
Received Import Request.
  Time since last request: 6.333399 seconds.
  path: Assets/Materials/New Material.mat
  artifactKey: Guid(2ebc02efe746f5845b56ad8f0f79dcca) Importer(815301076,1909f56bfc062723c751e8b465ee728b)
Start importing Assets/Materials/New Material.mat using Guid(2ebc02efe746f5845b56ad8f0f79dcca) Importer(815301076,1909f56bfc062723c751e8b465ee728b)  -> (artifact id: 'f169b001379cff8c713583bdf52141f0') in 0.008450 seconds
Number of updated asset objects reloaded before import = 0
Number of asset objects unloaded after import = 1
========================================================================
Received Import Request.
  Time since last request: 44.557649 seconds.
  path: Assets/Materials/Sisyphus.mat
  artifactKey: Guid(2b186185c9f945e46bfbd42a0ae5eb1e) Importer(815301076,1909f56bfc062723c751e8b465ee728b)
Start importing Assets/Materials/Sisyphus.mat using Guid(2b186185c9f945e46bfbd42a0ae5eb1e) Importer(815301076,1909f56bfc062723c751e8b465ee728b)  -> (artifact id: '09da66cf95731332a10cb94f198f0f31') in 0.010505 seconds
Number of updated asset objects reloaded before import = 0
Number of asset objects unloaded after import = 1
========================================================================
Received Import Request.
  Time since last request: 7.295625 seconds.
  path: Assets/Models/Sisyphus_Pill.prefab
  artifactKey: Guid(a1067d3a01a151842ba429c83e4af763) Importer(815301076,1909f56bfc062723c751e8b465ee728b)
Start importing Assets/Models/Sisyphus_Pill.prefab using Guid(a1067d3a01a151842ba429c83e4af763) Importer(815301076,1909f56bfc062723c751e8b465ee728b)  -> (artifact id: '23ef93b88d50f8a72897426fac8f886b') in 0.008173 seconds
Number of updated asset objects reloaded before import = 0
Number of asset objects unloaded after import = 7
========================================================================
Received Import Request.
  Time since last request: 18.570764 seconds.
  path: Assets/Models/Sisyphus_Pill.prefab
  artifactKey: Guid(a1067d3a01a151842ba429c83e4af763) Importer(815301076,1909f56bfc062723c751e8b465ee728b)
Start importing Assets/Models/Sisyphus_Pill.prefab using Guid(a1067d3a01a151842ba429c83e4af763) Importer(815301076,1909f56bfc062723c751e8b465ee728b)  -> (artifact id: '05c6c685867280c538b7d3513671fe7e') in 0.009526 seconds
Number of updated asset objects reloaded before import = 0
Number of asset objects unloaded after import = 8
========================================================================
Received Import Request.
  Time since last request: 3.604185 seconds.
  path: Assets/Models/Sisyphus_Pill.prefab
  artifactKey: Guid(a1067d3a01a151842ba429c83e4af763) Importer(815301076,1909f56bfc062723c751e8b465ee728b)
Start importing Assets/Models/Sisyphus_Pill.prefab using Guid(a1067d3a01a151842ba429c83e4af763) Importer(815301076,1909f56bfc062723c751e8b465ee728b)  -> (artifact id: '0b1e896f0b9ea1589fbd9f835e4ca13c') in 0.011867 seconds
Number of updated asset objects reloaded before import = 0
Number of asset objects unloaded after import = 9
========================================================================
Received Import Request.
  Time since last request: 2.884184 seconds.
  path: Assets/Materials/Sisyphus.mat
  artifactKey: Guid(2b186185c9f945e46bfbd42a0ae5eb1e) Importer(815301076,1909f56bfc062723c751e8b465ee728b)
Start importing Assets/Materials/Sisyphus.mat using Guid(2b186185c9f945e46bfbd42a0ae5eb1e) Importer(815301076,1909f56bfc062723c751e8b465ee728b)  -> (artifact id: 'ea830fc124a8300b765e1440845903b7') in 0.011922 seconds
Number of updated asset objects reloaded before import = 0
Number of asset objects unloaded after import = 2
